TN:
SF:/Thalita/Thalita-Andrade/aula-3/planner-boilerplate/src/actions/index.js
FN:3,(anonymous_0)
FN:12,(anonymous_1)
FN:12,(anonymous_2)
FN:20,(anonymous_3)
FN:20,(anonymous_4)
FNF:5
FNH:5
FNDA:1,(anonymous_0)
FNDA:2,(anonymous_1)
FNDA:1,(anonymous_2)
FNDA:1,(anonymous_3)
FNDA:1,(anonymous_4)
DA:3,1
DA:4,1
DA:12,2
DA:13,1
DA:16,1
DA:20,1
DA:21,1
DA:25,1
DA:28,1
DA:29,1
LF:10
LH:10
BRDA:28,0,0,1
BRDA:28,0,1,0
BRF:2
BRH:1
end_of_record
TN:
SF:/Thalita/Thalita-Andrade/aula-3/planner-boilerplate/src/containers/Planner/index.js
FN:7,(anonymous_0)
FN:15,(anonymous_1)
FN:19,(anonymous_2)
FN:23,(anonymous_3)
FN:29,(anonymous_4)
FN:96,mapDispatchToProps
FN:98,(anonymous_6)
FNF:7
FNH:0
FNDA:0,(anonymous_0)
FNDA:0,(anonymous_1)
FNDA:0,(anonymous_2)
FNDA:0,(anonymous_3)
FNDA:0,(anonymous_4)
FNDA:0,mapDispatchToProps
FNDA:0,(anonymous_6)
DA:8,0
DA:9,0
DA:15,0
DA:16,0
DA:19,0
DA:20,0
DA:23,0
DA:24,0
DA:25,0
DA:32,0
DA:97,0
DA:98,0
LF:12
LH:0
BRF:0
BRH:0
end_of_record
TN:
SF:/Thalita/Thalita-Andrade/aula-3/planner-boilerplate/src/reducers/Planner.js
FN:5,(anonymous_0)
FNF:1
FNH:0
FNDA:0,(anonymous_0)
DA:1,0
DA:5,0
DA:6,0
DA:8,0
DA:10,0
LF:5
LH:0
BRDA:5,0,0,0
BRDA:6,1,0,0
BRDA:6,1,1,0
BRF:3
BRH:0
end_of_record
